0 info it worked if it ends with ok
1 verbose cli [ 'node', '/usr/local/bin/npm', 'version', 'minor' ]
2 info using npm@2.1.18
3 info using node@v0.10.29
4 info git [ 'status', '--porcelain' ]
5 verbose stack Error: Git working directory not clean.
5 verbose stack M README.md
5 verbose stack M package.json
5 verbose stack     at /usr/local/lib/node_modules/npm/lib/version.js:142:37
5 verbose stack     at ChildProcess.exithandler (child_process.js:645:7)
5 verbose stack     at ChildProcess.emit (events.js:98:17)
5 verbose stack     at maybeClose (child_process.js:755:16)
5 verbose stack     at Socket.<anonymous> (child_process.js:968:11)
5 verbose stack     at Socket.emit (events.js:95:17)
5 verbose stack     at Pipe.close (net.js:465:12)
6 verbose cwd /Users/genki-book/Documents/_Devbox/unwrap-project
7 error Darwin 14.5.0
8 error argv "node" "/usr/local/bin/npm" "version" "minor"
9 error node v0.10.29
10 error npm  v2.1.18
11 error Git working directory not clean.
11 error M README.md
11 error M package.json
12 error If you need help, you may report this error at:
12 error     <http://github.com/npm/npm/issues>
13 verbose exit [ 1, true ]
